<?xml version="1.0" encoding="UTF-8"?>
<!-- Generated by org.testng.reporters.JUnitReportReporter -->
<testsuite hostname="DESKTOP-B93LFTT" failures="0" tests="1" name="TestCases.LoginPageTest" time="14.764" errors="0" timestamp="2022-11-06T13:06:58 IST" skipped="0">
  <testcase classname="TestCases.LoginPageTest" name="verifyloginfunctionalityTest" time="14.764"/>
  <system-out/>
</testsuite> <!-- TestCases.LoginPageTest -->
