<?xml version="1.0" encoding="UTF-8"?>
<!-- Generated by org.testng.reporters.JUnitReportReporter -->
<testsuite hostname="DESKTOP-B93LFTT" failures="0" tests="4" name="TestCases.HomePageTest" time="67.854" errors="0" timestamp="2022-11-06T13:06:58 IST" skipped="0">
  <testcase classname="TestCases.HomePageTest" name="verifywomenevendressbtnTest" time="16.083"/>
  <system-out/>
  <testcase classname="TestCases.HomePageTest" name="verifydresssummerbtnTest" time="18.114"/>
  <system-out/>
  <testcase classname="TestCases.HomePageTest" name="verifywomenTshirtbtnTest" time="15.432"/>
  <system-out/>
  <testcase classname="TestCases.HomePageTest" name="verifytshirtcatgbtnTest" time="18.225"/>
  <system-out/>
</testsuite> <!-- TestCases.HomePageTest -->
